
sfs_init()
    conn:
    proto_major = 7
    proto_minor = 26
    async_read = 0
    max_write = 4096
    max_readahead = 131072
    capable = 00000ffb
    want = 00000010
    context:
    fuse = 01fb2be0
    uid = 0
    gid = 0
    pid = 0
    private_data = 01faf010
    logfile = 01faf050
    diskfile = flatfile.bin
    umask = 00000

sfs_getattr(path="/.Trash", statbuf=0xa9d8dfb0)

sfs_getattr(path="/.Trash-1000", statbuf=0xa9d8dfb0)

sfs_getattr(path="/BDMV", statbuf=0xa9d8dfb0)

sfs_opendir(path="/", fi=0xa9d8dfa0)

sfs_getattr(path="/.xdg-volume-info", statbuf=0xa9d8dfb0)

sfs_getattr(path="/", statbuf=0xa9d8df80)

sfs_getattr(path="/autorun.inf", statbuf=0xa9d8dfb0)

sfs_readdir()

sfs_releasedir()

sfs_opendir(path="/", fi=0xa9d8dfa0)

sfs_getattr(path="/", statbuf=0xa9d8df80)

sfs_readdir()

sfs_releasedir()

sfs_opendir(path="/", fi=0xa9d8dfa0)

sfs_getattr(path="/", statbuf=0xa9d8df80)

sfs_readdir()

sfs_releasedir()

sfs_opendir(path="/", fi=0xa9d8dfa0)

sfs_getattr(path="/", statbuf=0xa9d8df80)

sfs_readdir()

sfs_releasedir()

sfs_opendir(path="/", fi=0xa9d8dfa0)

sfs_getattr(path="/", statbuf=0xa9d8df80)

sfs_readdir()

sfs_releasedir()

sfs_opendir(path="/", fi=0xa9d8dfa0)

sfs_getattr(path="/", statbuf=0xa9d8df80)

sfs_readdir()

sfs_releasedir()

sfs_opendir(path="/", fi=0xa9d8dfa0)

sfs_getattr(path="/", statbuf=0xa9d8df80)

sfs_readdir()

sfs_releasedir()

sfs_opendir(path="/", fi=0xa9d8dfa0)

sfs_getattr(path="/", statbuf=0xa9d8df80)

sfs_readdir()

sfs_releasedir()

sfs_opendir(path="/", fi=0xa9d8dfa0)

sfs_getattr(path="/", statbuf=0xa9d8df80)

sfs_readdir()

sfs_releasedir()

sfs_opendir(path="/", fi=0xa9d8dfa0)

sfs_getattr(path="/", statbuf=0xa9d8df80)

sfs_readdir()

sfs_releasedir()

sfs_opendir(path="/", fi=0xa9d8dfa0)

sfs_getattr(path="/", statbuf=0xa9d8df80)

sfs_readdir()

sfs_releasedir()

sfs_opendir(path="/", fi=0xa9d8dfa0)

sfs_getattr(path="/", statbuf=0xa9d8df80)

sfs_readdir()

sfs_releasedir()

sfs_opendir(path="/", fi=0xa9d8dfa0)

sfs_getattr(path="/", statbuf=0xa9d8df80)

sfs_readdir()

sfs_releasedir()

sfs_opendir(path="/", fi=0xa9d8dfa0)

sfs_getattr(path="/", statbuf=0xa9d8df80)

sfs_readdir()

sfs_releasedir()

sfs_opendir(path="/", fi=0xa9d8dfa0)

sfs_getattr(path="/", statbuf=0xa9d8df80)

sfs_readdir()

sfs_releasedir()

sfs_opendir(path="/", fi=0xa9d8dfa0)

sfs_getattr(path="/", statbuf=0xa9d8df80)

sfs_readdir()

sfs_releasedir()

sfs_opendir(path="/", fi=0xa9d8dfa0)

sfs_getattr(path="/", statbuf=0xa9d8df80)

sfs_readdir()

sfs_releasedir()

sfs_opendir(path="/", fi=0xa9d8dfa0)

sfs_getattr(path="/", statbuf=0xa9d8df80)

sfs_readdir()

sfs_releasedir()

sfs_opendir(path="/", fi=0xa9d8dfa0)

sfs_getattr(path="/", statbuf=0xa9d8df80)

sfs_readdir()

sfs_releasedir()

sfs_opendir(path="/", fi=0xa9d8dfa0)

sfs_getattr(path="/", statbuf=0xa9d8df80)

sfs_readdir()

sfs_releasedir()

sfs_opendir(path="/", fi=0xa9d8dfa0)

sfs_getattr(path="/", statbuf=0xa9d8df80)

sfs_readdir()

sfs_releasedir()

sfs_opendir(path="/", fi=0xa9d8dfa0)

sfs_getattr(path="/", statbuf=0xa9d8df80)

sfs_readdir()

sfs_releasedir()

sfs_opendir(path="/", fi=0xa9d8dfa0)

sfs_getattr(path="/", statbuf=0xa9d8df80)

sfs_readdir()

sfs_releasedir()

sfs_getattr(path="/autorun.inf", statbuf=0xa9d8dfb0)

sfs_getattr(path="/", statbuf=0xa9d8df80)

sfs_opendir(path="/", fi=0xa9d8dfa0)

sfs_readdir()

sfs_releasedir()

sfs_getattr(path="/", statbuf=0xa9d8df80)

sfs_getattr(path="/test", statbuf=0xa9d8dfb0)

sfs_mkdir(path="/test", mode=0755)

sfs_getattr(path="/test", statbuf=0xa9d8dfb0)

sfs_getattr(path="/", statbuf=0xa9d8df80)

sfs_opendir(path="/", fi=0xa9d8dfa0)

sfs_readdir()

sfs_getattr(path="/test", statbuf=0xa9d8dfb0)

sfs_releasedir()

sfs_getattr(path="/", statbuf=0xa9d8df80)

sfs_getattr(path="/test", statbuf=0xa9d8dfb0)

sfs_getattr(path="/test/testdir", statbuf=0xa9d8dfb0)

sfs_mkdir(path="/test/testdir", mode=0755)

sfs_getattr(path="/test/testdir", statbuf=0xa9d8dfb0)

sfs_getattr(path="/", statbuf=0xa9d8df80)

sfs_getattr(path="/test", statbuf=0xa9d8dfb0)

sfs_getattr(path="/test/testdir2", statbuf=0xa9d8dfb0)

sfs_mkdir(path="/test/testdir2", mode=0755)

sfs_getattr(path="/test/testdir2", statbuf=0xa9d8dfb0)

sfs_getattr(path="/", statbuf=0xa9d8df80)

sfs_getattr(path="/test", statbuf=0xa9d8dfb0)

sfs_getattr(path="/test/testdir3", statbuf=0xa9d8dfb0)

sfs_mkdir(path="/test/testdir3", mode=0755)

sfs_getattr(path="/test/testdir3", statbuf=0xa9d8dfb0)

sfs_getattr(path="/", statbuf=0xa9d8df80)

sfs_getattr(path="/test", statbuf=0xa9d8dfb0)

sfs_getattr(path="/test/testdir", statbuf=0xa9d8dfb0)

sfs_getattr(path="/test/testdir/innertest0", statbuf=0xa9d8dfb0)

sfs_mkdir(path="/test/testdir/innertest0", mode=0755)

sfs_getattr(path="/test/testdir/innertest0", statbuf=0xa9d8dfb0)

sfs_getattr(path="/test/testdir/innertest1", statbuf=0xa9d8dfb0)

sfs_mkdir(path="/test/testdir/innertest1", mode=0755)

sfs_getattr(path="/test/testdir/innertest1", statbuf=0xa9d8dfb0)

sfs_getattr(path="/test/testdir/innertest2", statbuf=0xa9d8dfb0)

sfs_mkdir(path="/test/testdir/innertest2", mode=0755)

sfs_getattr(path="/test/testdir/innertest2", statbuf=0xa9d8dfb0)

sfs_getattr(path="/test/testdir/innertest3", statbuf=0xa9d8dfb0)

sfs_mkdir(path="/test/testdir/innertest3", mode=0755)

sfs_getattr(path="/test/testdir/innertest3", statbuf=0xa9d8dfb0)

sfs_getattr(path="/test/testdir/innertest4", statbuf=0xa9d8dfb0)

sfs_mkdir(path="/test/testdir/innertest4", mode=0755)

sfs_getattr(path="/test/testdir/innertest4", statbuf=0xa9d8dfb0)

sfs_getattr(path="/test/testdir/innertest5", statbuf=0xa9d8dfb0)

sfs_mkdir(path="/test/testdir/innertest5", mode=0755)

sfs_getattr(path="/test/testdir/innertest5", statbuf=0xa9d8dfb0)

sfs_getattr(path="/test/testdir/innertest6", statbuf=0xa9d8dfb0)

sfs_mkdir(path="/test/testdir/innertest6", mode=0755)

sfs_getattr(path="/test/testdir/innertest6", statbuf=0xa9d8dfb0)

sfs_getattr(path="/test/testdir/innertest7", statbuf=0xa9d8dfb0)

sfs_mkdir(path="/test/testdir/innertest7", mode=0755)

sfs_getattr(path="/test/testdir/innertest7", statbuf=0xa9d8dfb0)

sfs_getattr(path="/test/testdir/innertest8", statbuf=0xa9d8dfb0)

sfs_mkdir(path="/test/testdir/innertest8", mode=0755)

sfs_getattr(path="/test/testdir/innertest8", statbuf=0xa9d8dfb0)

sfs_getattr(path="/test/testdir/innertest9", statbuf=0xa9d8dfb0)

sfs_mkdir(path="/test/testdir/innertest9", mode=0755)

sfs_getattr(path="/test/testdir/innertest9", statbuf=0xa9d8dfb0)

sfs_getattr(path="/", statbuf=0xa9d8df80)

sfs_opendir(path="/", fi=0xa9d8dfa0)

sfs_readdir()

sfs_releasedir()

sfs_getattr(path="/", statbuf=0xa9d8df80)

sfs_getattr(path="/test", statbuf=0xa9d8dfb0)

sfs_opendir(path="/test", fi=0xa9d8dfa0)

sfs_readdir()

sfs_releasedir()

sfs_getattr(path="/", statbuf=0xa9d8df80)

sfs_getattr(path="/test", statbuf=0xa9d8dfb0)

sfs_getattr(path="/test/testdir", statbuf=0xa9d8dfb0)

sfs_opendir(path="/test/testdir", fi=0xa9d8dfa0)

sfs_readdir()

sfs_releasedir()

sfs_getattr(path="/test", statbuf=0xa9d8dfb0)

sfs_getattr(path="/test/testdir", statbuf=0xa9d8dfb0)

sfs_opendir(path="/test/testdir", fi=0xa9d8dfa0)

sfs_readdir()

sfs_getattr(path="/test/testdir/innertest0", statbuf=0xa9d8dfb0)

sfs_getattr(path="/test/testdir/innertest1", statbuf=0xa9d8dfb0)

sfs_getattr(path="/test/testdir/innertest2", statbuf=0xa9d8dfb0)

sfs_getattr(path="/test/testdir/innertest3", statbuf=0xa9d8dfb0)

sfs_getattr(path="/test/testdir/innertest4", statbuf=0xa9d8dfb0)

sfs_getattr(path="/test/testdir/innertest5", statbuf=0xa9d8dfb0)

sfs_getattr(path="/test/testdir/innertest6", statbuf=0xa9d8dfb0)

sfs_getattr(path="/test/testdir/innertest7", statbuf=0xa9d8dfb0)

sfs_getattr(path="/test/testdir/innertest8", statbuf=0xa9d8dfb0)

sfs_getattr(path="/test/testdir/innertest9", statbuf=0xa9d8dfb0)

sfs_releasedir()

sfs_getattr(path="/test", statbuf=0xa9d8dfb0)

sfs_getattr(path="/test/testdir", statbuf=0xa9d8dfb0)

sfs_opendir(path="/test/testdir", fi=0xa9d8dfa0)

sfs_readdir()

sfs_getattr(path="/test/testdir/innertest0", statbuf=0xa9d8dfb0)

sfs_getattr(path="/test/testdir/innertest1", statbuf=0xa9d8dfb0)

sfs_getattr(path="/test/testdir/innertest2", statbuf=0xa9d8dfb0)

sfs_getattr(path="/test/testdir/innertest3", statbuf=0xa9d8dfb0)

sfs_getattr(path="/test/testdir/innertest4", statbuf=0xa9d8dfb0)

sfs_getattr(path="/test/testdir/innertest5", statbuf=0xa9d8dfb0)

sfs_getattr(path="/test/testdir/innertest6", statbuf=0xa9d8dfb0)

sfs_getattr(path="/test/testdir/innertest7", statbuf=0xa9d8dfb0)

sfs_getattr(path="/test/testdir/innertest8", statbuf=0xa9d8dfb0)

sfs_getattr(path="/test/testdir/innertest9", statbuf=0xa9d8dfb0)

sfs_releasedir()

sfs_getattr(path="/", statbuf=0xa9d8df80)

sfs_getattr(path="/test", statbuf=0xa9d8dfb0)

sfs_getattr(path="/", statbuf=0xa9d8df80)

sfs_getattr(path="/", statbuf=0xa9d8df80)

sfs_opendir(path="/", fi=0xa9d8dfa0)

sfs_readdir()

sfs_releasedir()

sfs_getattr(path="/", statbuf=0xa9d8df80)

sfs_getattr(path="/test", statbuf=0xa9d8dfb0)

sfs_getattr(path="/test", statbuf=0xa9d8dfb0)

sfs_getattr(path="/test/var", statbuf=0xa9d8dfb0)

sfs_mkdir(path="/test/var", mode=0755)

sfs_getattr(path="/test/var", statbuf=0xa9d8dfb0)

sfs_getattr(path="/test", statbuf=0xa9d8dfb0)

sfs_getattr(path="/test/lib", statbuf=0xa9d8dfb0)

sfs_mkdir(path="/test/lib", mode=0755)

sfs_getattr(path="/test/lib", statbuf=0xa9d8dfb0)

sfs_getattr(path="/", statbuf=0xa9d8df80)

sfs_getattr(path="/test", statbuf=0xa9d8dfb0)

sfs_opendir(path="/test", fi=0xa9d8dfa0)

sfs_readdir()

sfs_getattr(path="/test/testdir", statbuf=0xa9d8dfb0)

sfs_getattr(path="/test/testdir2", statbuf=0xa9d8dfb0)

sfs_getattr(path="/test/testdir3", statbuf=0xa9d8dfb0)

sfs_getattr(path="/test/var", statbuf=0xa9d8dfb0)

sfs_getattr(path="/test/lib", statbuf=0xa9d8dfb0)

sfs_releasedir()

sfs_getattr(path="/test", statbuf=0xa9d8dfb0)

sfs_opendir(path="/test", fi=0xa9d8dfa0)

sfs_readdir()

sfs_getattr(path="/test/testdir", statbuf=0xa9d8dfb0)

sfs_getattr(path="/test/testdir2", statbuf=0xa9d8dfb0)

sfs_getattr(path="/test/testdir3", statbuf=0xa9d8dfb0)

sfs_getattr(path="/test/var", statbuf=0xa9d8dfb0)

sfs_getattr(path="/test/lib", statbuf=0xa9d8dfb0)

sfs_releasedir()

sfs_getattr(path="/test", statbuf=0xa9d8dfb0)

sfs_getattr(path="/test/lib", statbuf=0xa9d8dfb0)

sfs_destroy(userdata=0x01faf010)
